[03:00:08] [Client thread/INFO]: Setting user: Player156
[03:00:10] [Client thread/INFO]: LWJGL Version: 2.9.4
[03:00:11] [Client thread/INFO]: Reloading ResourceManager: Default, FMLFileResourcePack:Forge Mod Loader, FMLFileResourcePack:Minecraft Forge, FMLFileResourcePack:Modern Climb
[03:00:12] [Sound Library Loader/INFO]: Starting up SoundSystem...
[03:00:12] [Thread-9/INFO]: Initializing LWJGL OpenAL
[03:00:12] [Thread-9/INFO]: (The LWJGL binding of OpenAL.  For more information, see http://www.lwjgl.org)
[03:00:12] [Thread-9/INFO]: OpenAL initialized.
[03:00:12] [Sound Library Loader/INFO]: Sound engine started
[03:00:15] [Client thread/INFO]: Created: 16x16 textures-atlas
[03:00:15] [Client thread/INFO]: Reloading ResourceManager: Default, FMLFileResourcePack:Forge Mod Loader, FMLFileResourcePack:Minecraft Forge, FMLFileResourcePack:Modern Climb
[03:00:15] [Client thread/INFO]: SoundSystem shutting down...
[03:00:16] [Client thread/WARN]: Author: Paul Lamb, www.paulscode.com
[03:00:16] [Sound Library Loader/INFO]: Starting up SoundSystem...
[03:00:17] [Thread-11/INFO]: Initializing LWJGL OpenAL
[03:00:17] [Thread-11/INFO]: (The LWJGL binding of OpenAL.  For more information, see http://www.lwjgl.org)
[03:00:17] [Thread-11/INFO]: OpenAL initialized.
[03:00:17] [Sound Library Loader/INFO]: Sound engine started
[03:00:19] [Client thread/INFO]: Created: 512x512 textures-atlas
[03:00:20] [Realms Notification Availability checker #1/ERROR]: Could not parse RealmsError: com.google.gson.stream.MalformedJsonException: Use JsonReader.setLenient(true) to accept malformed JSON at line 1 column 12
[03:00:20] [Realms Notification Availability checker #1/ERROR]: Realms http code: 404 -  error code: 0 -  message: null
[03:00:24] [Server thread/INFO]: Starting integrated minecraft server version 1.8.9
[03:00:24] [Server thread/INFO]: Generating keypair
[03:00:24] [Server thread/INFO]: Preparing start region for level 0
[03:00:24] [Realms Notification Availability checker #1/ERROR]: Could not parse RealmsError: com.google.gson.stream.MalformedJsonException: Use JsonReader.setLenient(true) to accept malformed JSON at line 1 column 12
[03:00:24] [Realms Notification Availability checker #1/ERROR]: Realms http code: 404 -  error code: 0 -  message: null
[03:00:25] [Server thread/INFO]: Changing view distance to 12, from 10
[03:00:25] [Realms Notification Availability checker #1/ERROR]: Could not parse RealmsError: com.google.gson.stream.MalformedJsonException: Use JsonReader.setLenient(true) to accept malformed JSON at line 1 column 12
[03:00:25] [Realms Notification Availability checker #1/ERROR]: Realms http code: 404 -  error code: 0 -  message: null
[03:00:26] [Server thread/INFO]: Player156[local:E:254b62da] logged in with entity id 406 at (-150.57499998807907, 66.0, 209.41941831933556)
[03:00:26] [Server thread/INFO]: Player156 joined the game
[03:01:23] [Client thread/INFO]: Stopping!
[03:01:23] [Client thread/INFO]: SoundSystem shutting down...
[03:01:23] [Server thread/INFO]: Stopping server
[03:01:23] [Server thread/INFO]: Saving players
[03:01:23] [Server thread/INFO]: Saving worlds
[03:01:23] [Server thread/INFO]: Saving chunks for level 'New World'/Overworld
[03:01:23] [Server thread/INFO]: Saving chunks for level 'New World'/Nether
[03:01:23] [Server thread/INFO]: Saving chunks for level 'New World'/The End
[03:01:23] [Client thread/WARN]: Author: Paul Lamb, www.paulscode.com
[03:01:23] [Client Shutdown Thread/INFO]: Stopping server
[03:01:23] [Client Shutdown Thread/INFO]: Saving players
[03:01:23] [Client Shutdown Thread/INFO]: Saving worlds
[03:01:23] [Client Shutdown Thread/INFO]: Saving chunks for level 'New World'/Overworld
